

Error Code: 2
Description: include_once(/var/www/copytube/controllers/Index.php): failed to open stream: No such file or directory
File: /var/www/copytube/index.php
Line: 60

Error Code: 2
Description: include_once(): Failed opening '/var/www/copytube/controllers/Index.php' for inclusion (include_path='.:/usr/local/lib/php')
File: /var/www/copytube/index.php
Line: 60

Error Code: 2
Description: include_once(/var/www/copytube/controllers/Index.php): failed to open stream: No such file or directory
File: /var/www/copytube/index.php
Line: 60

Error Code: 2
Description: include_once(): Failed opening '/var/www/copytube/controllers/Index.php' for inclusion (include_path='.:/usr/local/lib/php')
File: /var/www/copytube/index.php
Line: 60

Error Code: 2
Description: include_once(/var/www/copytube/controllers/Index.php): failed to open stream: No such file or directory
File: /var/www/copytube/index.php
Line: 60

Error Code: 2
Description: include_once(): Failed opening '/var/www/copytube/controllers/Index.php' for inclusion (include_path='.:/usr/local/lib/php')
File: /var/www/copytube/index.php
Line: 60

Error Code: 2
Description: include_once(/var/www/copytube/controllers/Index.php): failed to open stream: No such file or directory
File: /var/www/copytube/index.php
Line: 60

Error Code: 2
Description: include_once(): Failed opening '/var/www/copytube/controllers/Index.php' for inclusion (include_path='.:/usr/local/lib/php')
File: /var/www/copytube/index.php
Line: 60